Using pre-set license
Built from '2020.2/staging' branch; Version is '2020.2.3f1 (8ff31bc5bf5b) revision 9433883'; Using compiler version '192528614'; Build Type 'Release'
OS: 'Windows 10 Pro for Workstations; OS build 19042.985; Version 2009; 64bit' Language: 'en' Physical Memory: 32683 MB
BatchMode: 1, IsHumanControllingUs: 0, StartBugReporterOnCrash: 0, Is64bit: 1, IsPro: 0

 COMMAND LINE ARGUMENTS:
C:\Program Files\Unity\Hub\Editor\2020.2.3f1\Editor\Unity.exe
-adb2
-batchMode
-noUpm
-name
AssetImportWorker0
-projectPath
C:/gamedev/AssetStore/LevelGenerator
-logFile
Logs/AssetImportWorker0.log
-srvPort
51770
Successfully changed project path to: C:/gamedev/AssetStore/LevelGenerator
C:/gamedev/AssetStore/LevelGenerator
Using Asset Import Pipeline V2.
Refreshing native plugins compatible for Editor in 34.27 ms, found 0 plugins.
Preloading 0 native plugins for Editor in 0.00 ms.
Initialize engine version: 2020.2.3f1 (8ff31bc5bf5b)
[Subsystems] Discovering subsystems at path C:/Program Files/Unity/Hub/Editor/2020.2.3f1/Editor/Data/Resources/UnitySubsystems
[Subsystems] Discovering subsystems at path C:/gamedev/AssetStore/LevelGenerator/Assets
GfxDevice: creating device client; threaded=0
Direct3D:
    Version:  Direct3D 11.0 [level 11.1]
    Renderer: NVIDIA GeForce RTX 2080 (ID=0x1e87)
    Vendor:   
    VRAM:     8010 MB
    Driver:   27.21.14.6589
Initialize mono
Mono path[0] = 'C:/Program Files/Unity/Hub/Editor/2020.2.3f1/Editor/Data/Managed'
Mono path[1] = 'C:/Program Files/Unity/Hub/Editor/2020.2.3f1/Editor/Data/MonoBleedingEdge/lib/mono/unityjit'
Mono config path = 'C:/Program Files/Unity/Hub/Editor/2020.2.3f1/Editor/Data/MonoBleedingEdge/etc'
Using monoOptions --debugger-agent=transport=dt_socket,embedding=1,server=y,suspend=n,address=127.0.0.1:56404
Begin MonoManager ReloadAssembly
Registering precompiled unity dll's ...
Register platform support module: C:/Program Files/Unity/Hub/Editor/2020.2.3f1/Editor/Data/PlaybackEngines/WindowsStandaloneSupport/UnityEditor.WindowsStandalone.Extensions.dll
Registered in 0.001682 seconds.
Native extension for WindowsStandalone target not found
Refreshing native plugins compatible for Editor in 36.09 ms, found 0 plugins.
Preloading 0 native plugins for Editor in 0.00 ms.
Invoked RoslynAnalysisRunner static constructor.
RoslynAnalysisRunner will not be running.
RoslynAnalysisRunner has terminated.
Mono: successfully reloaded assembly
- Completed reload, in  0.973 seconds
Platform modules already initialized, skipping
Registering precompiled user dll's ...
Registered in 0.002102 seconds.
Begin MonoManager ReloadAssembly
Native extension for WindowsStandalone target not found
Refreshing native plugins compatible for Editor in 0.33 ms, found 0 plugins.
Preloading 0 native plugins for Editor in 0.00 ms.
Invoked RoslynAnalysisRunner static constructor.
RoslynAnalysisRunner will not be running.
RoslynAnalysisRunner has terminated.
Mono: successfully reloaded assembly
- Completed reload, in  0.764 seconds
Platform modules already initialized, skipping
========================================================================
Worker process is ready to serve import requests
Launched and connected shader compiler UnityShaderCompiler.exe after 0.03 seconds
Refreshing native plugins compatible for Editor in 0.37 ms, found 0 plugins.
Preloading 0 native plugins for Editor in 0.00 ms.
Unloading 1389 Unused Serialized files (Serialized files now loaded: 0)
System memory in use before: 64.2 MB.
System memory in use after: 64.3 MB.

Unloading 34 unused Assets to reduce memory usage. Loaded Objects now: 1819.
Total: 1.697900 ms (FindLiveObjects: 0.134800 ms CreateObjectMapping: 0.048900 ms MarkObjects: 1.456000 ms  DeleteObjects: 0.057100 ms)

========================================================================
Received Import Request.
  path: Assets/LevelGenerator/Demo/Prefabs/TreasureRoom.prefab
  artifactKey: Guid(c58a709c604a22c46859c04083cab5e9) Importer(815301076,1909f56bfc062723c751e8b465ee728b)
Start importing Assets/LevelGenerator/Demo/Prefabs/TreasureRoom.prefab using Guid(c58a709c604a22c46859c04083cab5e9) Importer(815301076,1909f56bfc062723c751e8b465ee728b)  -> (artifact id: 'db87787810bb212896461f7a3b5485dd') in 0.258637 seconds
  Import took 0.260579 seconds .

========================================================================
Received Import Request.
  Time since last request: 0.000303 seconds.
  path: Assets/LevelGenerator/Demo/Prefabs/Corridor2.prefab
  artifactKey: Guid(a53c3c7d7c7a455419092c05e890a804) Importer(815301076,1909f56bfc062723c751e8b465ee728b)
Start importing Assets/LevelGenerator/Demo/Prefabs/Corridor2.prefab using Guid(a53c3c7d7c7a455419092c05e890a804) Importer(815301076,1909f56bfc062723c751e8b465ee728b)  -> (artifact id: 'f87319decb3f14a2859cf1cde50eb5b9') in 0.013332 seconds
  Import took 0.015410 seconds .

========================================================================
Received Import Request.
  Time since last request: 0.000228 seconds.
  path: Assets/LevelGenerator/Demo/Prefabs/Corridor1.prefab
  artifactKey: Guid(c922fec10f3cea841860c7478e6c2899) Importer(815301076,1909f56bfc062723c751e8b465ee728b)
Start importing Assets/LevelGenerator/Demo/Prefabs/Corridor1.prefab using Guid(c922fec10f3cea841860c7478e6c2899) Importer(815301076,1909f56bfc062723c751e8b465ee728b)  -> (artifact id: '0a17a5596e1d6887f3075d2c943da592') in 0.010506 seconds
  Import took 0.012398 seconds .

========================================================================
Received Import Request.
  Time since last request: 0.000250 seconds.
  path: Assets/LevelGenerator/Demo/Prefabs/Room3.prefab
  artifactKey: Guid(37397042b63958749882c7bff52d4dff) Importer(815301076,1909f56bfc062723c751e8b465ee728b)
Start importing Assets/LevelGenerator/Demo/Prefabs/Room3.prefab using Guid(37397042b63958749882c7bff52d4dff) Importer(815301076,1909f56bfc062723c751e8b465ee728b)  -> (artifact id: '94080eefd8bbb526b79cec36c029355c') in 0.011897 seconds
  Import took 0.014016 seconds .

========================================================================
Received Import Request.
  Time since last request: 0.000287 seconds.
  path: Assets/LevelGenerator/Demo/Prefabs/Room1.prefab
  artifactKey: Guid(64c7f013cfbb98d4cadca554e0dd0421) Importer(815301076,1909f56bfc062723c751e8b465ee728b)
Start importing Assets/LevelGenerator/Demo/Prefabs/Room1.prefab using Guid(64c7f013cfbb98d4cadca554e0dd0421) Importer(815301076,1909f56bfc062723c751e8b465ee728b)  -> (artifact id: '0a026ca8990bf6bc880252bb6a95c7b9') in 0.012570 seconds
  Import took 0.014960 seconds .

========================================================================
Received Import Request.
  Time since last request: 0.000266 seconds.
  path: Assets/LevelGenerator/Demo/Prefabs/Room4.prefab
  artifactKey: Guid(e7a44541ce241984e80a6fcef0fc2acf) Importer(815301076,1909f56bfc062723c751e8b465ee728b)
Start importing Assets/LevelGenerator/Demo/Prefabs/Room4.prefab using Guid(e7a44541ce241984e80a6fcef0fc2acf) Importer(815301076,1909f56bfc062723c751e8b465ee728b)  -> (artifact id: 'd95ea3f0efc1a0e6719e33209b92351d') in 0.011564 seconds
  Import took 0.013809 seconds .

========================================================================
Received Import Request.
  Time since last request: 0.000208 seconds.
  path: Assets/LevelGenerator/Demo/Prefabs/DeadEnd.prefab
  artifactKey: Guid(1352c06b785da1a409b8f9feba639229) Importer(815301076,1909f56bfc062723c751e8b465ee728b)
Start importing Assets/LevelGenerator/Demo/Prefabs/DeadEnd.prefab using Guid(1352c06b785da1a409b8f9feba639229) Importer(815301076,1909f56bfc062723c751e8b465ee728b)  -> (artifact id: 'e78ea03f6cac66a34b7ba93872ae6858') in 0.011827 seconds
  Import took 0.014828 seconds .

========================================================================
Received Import Request.
  Time since last request: 0.000221 seconds.
  path: Assets/LevelGenerator/Demo/Prefabs/SpawnRoom.prefab
  artifactKey: Guid(ad9bc6b1afecaa146997ffac30d1df51) Importer(815301076,1909f56bfc062723c751e8b465ee728b)
Start importing Assets/LevelGenerator/Demo/Prefabs/SpawnRoom.prefab using Guid(ad9bc6b1afecaa146997ffac30d1df51) Importer(815301076,1909f56bfc062723c751e8b465ee728b)  -> (artifact id: '9bb8ea20b4b34b369f19691941829eaf') in 0.010057 seconds
  Import took 0.011925 seconds .

========================================================================
Received Import Request.
  Time since last request: 0.000164 seconds.
  path: Assets/LevelGenerator/Demo/Prefabs/Room2.prefab
  artifactKey: Guid(6e6dc0ffc40ca0c48994077da31731a2) Importer(815301076,1909f56bfc062723c751e8b465ee728b)
Start importing Assets/LevelGenerator/Demo/Prefabs/Room2.prefab using Guid(6e6dc0ffc40ca0c48994077da31731a2) Importer(815301076,1909f56bfc062723c751e8b465ee728b)  -> (artifact id: '85f9adcf80204edb36616a366b7114c7') in 0.009253 seconds
  Import took 0.011134 seconds .

========================================================================
Received Import Request.
  Time since last request: 14128.038142 seconds.
  path: Assets/LevelGenerator/Demo/Prefabs
  artifactKey: Guid(4bca990343d0df44f8441f0181d8a011) Importer(815301076,1909f56bfc062723c751e8b465ee728b)
Start importing Assets/LevelGenerator/Demo/Prefabs using Guid(4bca990343d0df44f8441f0181d8a011) Importer(815301076,1909f56bfc062723c751e8b465ee728b)  -> (artifact id: '9fea038fbd81dcd99a102b33d3a9e4ce') in 0.004895 seconds
  Import took 0.007199 seconds .

========================================================================
Received Import Request.
  Time since last request: 0.007319 seconds.
  path: Assets/LevelGenerator/Demo/Prefabs
  artifactKey: Guid(4bca990343d0df44f8441f0181d8a011) Importer(815301076,1909f56bfc062723c751e8b465ee728b)
Start importing Assets/LevelGenerator/Demo/Prefabs using Guid(4bca990343d0df44f8441f0181d8a011) Importer(815301076,1909f56bfc062723c751e8b465ee728b)  -> (artifact id: '9fea038fbd81dcd99a102b33d3a9e4ce') in 0.001636 seconds
  Import took 0.003439 seconds .

========================================================================
Received Prepare
Registering precompiled user dll's ...
Registered in 0.328785 seconds.
Begin MonoManager ReloadAssembly
Native extension for WindowsStandalone target not found
Refreshing native plugins compatible for Editor in 0.33 ms, found 0 plugins.
Preloading 0 native plugins for Editor in 0.00 ms.
Invoked RoslynAnalysisRunner static constructor.
RoslynAnalysisRunner will not be running.
RoslynAnalysisRunner has terminated.
Mono: successfully reloaded assembly
- Completed reload, in  4.095 seconds
Platform modules already initialized, skipping
Refreshing native plugins compatible for Editor in 0.31 ms, found 0 plugins.
Preloading 0 native plugins for Editor in 0.00 ms.
Unloading 1383 Unused Serialized files (Serialized files now loaded: 0)
System memory in use before: 67.3 MB.
System memory in use after: 67.4 MB.

Unloading 25 unused Assets to reduce memory usage. Loaded Objects now: 1829.
Total: 1.360600 ms (FindLiveObjects: 0.123500 ms CreateObjectMapping: 0.051900 ms MarkObjects: 1.167600 ms  DeleteObjects: 0.016800 ms)

AssetImportWorkerClient::OnTransportError - code=2 error=End of file
